Running Gradle task 'assembleDebug'...
lib/services/api_service.dart:574:25: Error: 'getCities' is already declared in this scope.
  Future<List<dynamic>> getCities() async {
                        ^^^^^^^^^
lib/services/api_service.dart:166:22: Context: Previous declaration of 'getCities'.
  Future<List<City>> getCities() async {
                     ^^^^^^^^^
lib/services/api_service.dart:590:25: Error: 'getDistrictsByCityId' is already declared in this scope.
  Future<List<dynamic>> getDistrictsByCityId(String cityId) async {
                        ^^^^^^^^^^^^^^^^^^^^
lib/services/api_service.dart:183:26: Context: Previous declaration of 'getDistrictsByCityId'.
  Future<List<District>> getDistrictsByCityId(String cityId) async {
                         ^^^^^^^^^^^^^^^^^^^^
lib/services/api_service.dart:550:10: Error: Type 'CityProfile' not found.
  Future<CityProfile?> getCityProfileById(String cityId) async {
         ^^^^^^^^^^^
lib/screens/posts/filtered_posts_screen.dart:106:63: Error: The argument type 'Map<String, dynamic>?' can't be assigned to the parameter type 'Map<String, dynamic>' because 'Map<String, dynamic>?' is nullable and 'Map<String, dynamic>' isn't.
 - 'Map' is from 'dart:core'.
      final posts = await _apiService.getFilteredPosts(widget.filterParams);
                                                              ^
lib/screens/posts/filtered_posts_screen.dart:248:13: Error: No named parameter with the name 'onShare'.
            onShare: () {
            ^^^^^^^
lib/widgets/post_card.dart:18:9: Context: Found this candidate, but the arguments don't match.
  const PostCard({
        ^^^^^^^^
lib/screens/posts/post_detail_screen.dart:103:51: Error: Too many positional arguments: 0 allowed, but 2 found.
Try removing the extra positional arguments.
      final comment = await _apiService.addComment(
                                                  ^
lib/screens/posts/post_detail_screen.dart:288:13: Error: No named parameter with the name 'onShare'.
            onShare: () {
            ^^^^^^^
lib/widgets/post_card.dart:18:9: Context: Found this candidate, but the arguments don't match.
  const PostCard({
        ^^^^^^^^
lib/screens/profile/profile_screen.dart:420:55: Error: Too many positional arguments: 0 allowed, but 5 found.
Try removing the extra positional arguments.
        await ref.read(authProvider.notifier).register(
                                                      ^
lib/services/api_service.dart:560:14: Error: The getter 'CityProfile' isn't defined for the class 'ApiService'.
 - 'ApiService' is from 'package:belediye_iletisim_merkezi/services/api_service.dart' ('lib/services/api_service.dart').
Try correcting the name to the name of an existing getter, or defining a getter or field named 'CityProfile'.
      return CityProfile.fromJson(data['data']);
             ^^^^^^^^^^^
lib/providers/post_provider.dart:125:9: Error: No named parameter with the name 'type'.
        type: type != null ? type == 'problem' ? PostType.problem : PostType.general : null,
        ^^^^
lib/widgets/post_card.dart:292:45: Error: The argument type 'Future<User?>' can't be assigned to the parameter type 'Future<User>?' because 'User?' is nullable and 'User' isn't.
 - 'Future' is from 'dart:async'.
 - 'User' is from 'package:belediye_iletisim_merkezi/models/user.dart' ('lib/models/user.dart').
                        future: _apiService.getUserById(widget.post.userId),
                                            ^
lib/widgets/post_card.dart:539:49: Error: The argument type 'Future<User?>' can't be assigned to the parameter type 'Future<User>?' because 'User?' is nullable and 'User' isn't.
 - 'Future' is from 'dart:async'.
 - 'User' is from 'package:belediye_iletisim_merkezi/models/user.dart' ('lib/models/user.dart').
                            future: _apiService.getUserById(widget.post.userId),
                                                ^
lib/screens/location/city_profile_screen.dart:34:63: Error: The argument type 'List<Post>' can't be assigned to the parameter type 'AsyncValue<List<Post>>'.
 - 'List' is from 'dart:core'.
 - 'Post' is from 'package:belediye_iletisim_merkezi/models/post.dart' ('lib/models/post.dart').
 - 'AsyncValue' is from 'package:riverpod/src/common.dart' ('/C:/Users/guzel/AppData/Local/Pub/Cache/hosted/pub.dev/riverpod-2.6.1/lib/src/common.dart').
        data: (city) => _buildCityProfile(context, ref, city, postsAsync),
                                                              ^
lib/screens/location/city_profile_screen.dart:274:68: Error: No named parameter with the name 'post'.
                            builder: (context) => PostDetailScreen(post: post),
                                                                   ^^^^
lib/screens/posts/post_detail_screen.dart:12:9: Context: Found this candidate, but the arguments don't match.
  const PostDetailScreen({
        ^^^^^^^^^^^^^^^^
lib/screens/location/city_profile_screen.dart:287:68: Error: No named parameter with the name 'post'.
                            builder: (context) => PostDetailScreen(post: post),
                                                                   ^^^^
lib/screens/posts/post_detail_screen.dart:12:9: Context: Found this candidate, but the arguments don't match.
  const PostDetailScreen({
        ^^^^^^^^^^^^^^^^
lib/screens/location/city_profile_screen.dart:267:36: Error: Required named parameter 'onHighlight' must be provided.
                    return PostCard(
                                   ^
lib/widgets/post_card.dart:18:9: Context: Found this candidate, but the arguments don't match.
  const PostCard({
        ^^^^^^^^
lib/screens/surveys/survey_detail_screen.dart:420:18: Error: The setter 'voteCount' isn't defined for the class 'SurveyOption'.
 - 'SurveyOption' is from 'package:belediye_iletisim_merkezi/models/survey.dart' ('lib/models/survey.dart').
Try correcting the name to the name of an existing setter, or defining a setter or field named 'voteCount'.
          option.voteCount++;
                 ^^^^^^^^^
lib/screens/surveys/survey_detail_screen.dart:426:21: Error: The setter 'totalVotes' isn't defined for the class 'Survey'.
 - 'Survey' is from 'package:belediye_iletisim_merkezi/models/survey.dart' ('lib/models/survey.dart').
Try correcting the name to the name of an existing setter, or defining a setter or field named 'totalVotes'.
      widget.survey.totalVotes++;
                    ^^^^^^^^^^
lib/providers/user_provider.dart:34:47: Error: The method 'updateUserProfile' isn't defined for the class 'ApiService'.
 - 'ApiService' is from 'package:belediye_iletisim_merkezi/services/api_service.dart' ('lib/services/api_service.dart').
Try correcting the name to the name of an existing method, or defining a method named 'updateUserProfile'.
        final updatedUser = await _apiService.updateUserProfile(
                                              ^^^^^^^^^^^^^^^^^
lib/providers/user_provider.dart:58:47: Error: The method 'updateUserLocation' isn't defined for the class 'ApiService'.
 - 'ApiService' is from 'package:belediye_iletisim_merkezi/services/api_service.dart' ('lib/services/api_service.dart').
Try correcting the name to the name of an existing method, or defining a method named 'updateUserLocation'.
        final updatedUser = await _apiService.updateUserLocation(
                                              ^^^^^^^^^^^^^^^^^^
lib/services/survey_service.dart:119:13: Error: No named parameter with the name 'voteCount'.
            voteCount: 356,
            ^^^^^^^^^
lib/models/survey.dart:223:3: Context: Found this candidate, but the arguments don't match.
  SurveyOption({
  ^^^^^^^^^^^^
lib/services/survey_service.dart:125:13: Error: No named parameter with the name 'voteCount'.
            voteCount: 487,
            ^^^^^^^^^
lib/models/survey.dart:223:3: Context: Found this candidate, but the arguments don't match.
  SurveyOption({
  ^^^^^^^^^^^^
lib/services/survey_service.dart:131:13: Error: No named parameter with the name 'voteCount'.
            voteCount: 242,
            ^^^^^^^^^
lib/models/survey.dart:223:3: Context: Found this candidate, but the arguments don't match.
  SurveyOption({
  ^^^^^^^^^^^^
lib/services/survey_service.dart:137:13: Error: No named parameter with the name 'voteCount'.
            voteCount: 183,
            ^^^^^^^^^
lib/models/survey.dart:223:3: Context: Found this candidate, but the arguments don't match.
  SurveyOption({
  ^^^^^^^^^^^^
lib/services/survey_service.dart:143:13: Error: No named parameter with the name 'voteCount'.
            voteCount: 83,
            ^^^^^^^^^
lib/models/survey.dart:223:3: Context: Found this candidate, but the arguments don't match.
  SurveyOption({
  ^^^^^^^^^^^^
lib/services/survey_service.dart:108:9: Error: No named parameter with the name 'shortTitle'.
        shortTitle: 'Bayram Etkinlikleri',
        ^^^^^^^^^^
lib/models/survey.dart:21:3: Context: Found this candidate, but the arguments don't match.
  Survey({
  ^^^^^^
lib/services/survey_service.dart:169:13: Error: No named parameter with the name 'voteCount'.
            voteCount: 194,
            ^^^^^^^^^
lib/models/survey.dart:223:3: Context: Found this candidate, but the arguments don't match.
  SurveyOption({
  ^^^^^^^^^^^^
lib/services/survey_service.dart:175:13: Error: No named parameter with the name 'voteCount'.
            voteCount: 341,
            ^^^^^^^^^
lib/models/survey.dart:223:3: Context: Found this candidate, but the arguments don't match.
  SurveyOption({
  ^^^^^^^^^^^^
lib/services/survey_service.dart:181:13: Error: No named parameter with the name 'voteCount'.
            voteCount: 187,
            ^^^^^^^^^
lib/models/survey.dart:223:3: Context: Found this candidate, but the arguments don't match.
  SurveyOption({
  ^^^^^^^^^^^^
lib/services/survey_service.dart:187:13: Error: No named parameter with the name 'voteCount'.
            voteCount: 275,
            ^^^^^^^^^
lib/models/survey.dart:223:3: Context: Found this candidate, but the arguments don't match.
  SurveyOption({
  ^^^^^^^^^^^^
lib/services/survey_service.dart:193:13: Error: No named parameter with the name 'voteCount'.
            voteCount: 238,
            ^^^^^^^^^
lib/models/survey.dart:223:3: Context: Found this candidate, but the arguments don't match.
  SurveyOption({
  ^^^^^^^^^^^^
lib/services/survey_service.dart:157:9: Error: No named parameter with the name 'shortTitle'.
        shortTitle: 'Toplu Ta��ma',
        ^^^^^^^^^^
lib/models/survey.dart:21:3: Context: Found this candidate, but the arguments don't match.
  Survey({
  ^^^^^^
lib/services/survey_service.dart:218:13: Error: No named parameter with the name 'voteCount'.
            voteCount: 156,
            ^^^^^^^^^
lib/models/survey.dart:223:3: Context: Found this candidate, but the arguments don't match.
  SurveyOption({
  ^^^^^^^^^^^^
lib/services/survey_service.dart:224:13: Error: No named parameter with the name 'voteCount'.
            voteCount: 287,
            ^^^^^^^^^
lib/models/survey.dart:223:3: Context: Found this candidate, but the arguments don't match.
  SurveyOption({
  ^^^^^^^^^^^^
lib/services/survey_service.dart:230:13: Error: No named parameter with the name 'voteCount'.
            voteCount: 142,
            ^^^^^^^^^
lib/models/survey.dart:223:3: Context: Found this candidate, but the arguments don't match.
  SurveyOption({
  ^^^^^^^^^^^^
lib/services/survey_service.dart:236:13: Error: No named parameter with the name 'voteCount'.
            voteCount: 83,
            ^^^^^^^^^
lib/models/survey.dart:223:3: Context: Found this candidate, but the arguments don't match.
  SurveyOption({
  ^^^^^^^^^^^^
lib/services/survey_service.dart:207:9: Error: No named parameter with the name 'shortTitle'.
        shortTitle: 'Park Kullan�m�',
        ^^^^^^^^^^
lib/models/survey.dart:21:3: Context: Found this candidate, but the arguments don't match.
  Survey({
  ^^^^^^
lib/services/survey_service.dart:262:13: Error: No named parameter with the name 'voteCount'.
            voteCount: 78,
            ^^^^^^^^^
lib/models/survey.dart:223:3: Context: Found this candidate, but the arguments don't match.
  SurveyOption({
  ^^^^^^^^^^^^
lib/services/survey_service.dart:268:13: Error: No named parameter with the name 'voteCount'.
            voteCount: 192,
            ^^^^^^^^^
lib/models/survey.dart:223:3: Context: Found this candidate, but the arguments don't match.
  SurveyOption({
  ^^^^^^^^^^^^
lib/services/survey_service.dart:274:13: Error: No named parameter with the name 'voteCount'.
            voteCount: 35,
            ^^^^^^^^^
lib/models/survey.dart:223:3: Context: Found this candidate, but the arguments don't match.
  SurveyOption({
  ^^^^^^^^^^^^
lib/services/survey_service.dart:250:9: Error: No named parameter with the name 'shortTitle'.
        shortTitle: '��p Toplama',
        ^^^^^^^^^^
lib/models/survey.dart:21:3: Context: Found this candidate, but the arguments don't match.
  Survey({
  ^^^^^^
Target kernel_snapshot_program failed: Exception


FAILURE: Build failed with an exception.

* What went wrong:
Execution failed for task ':app:compileFlutterBuildDebug'.
> Process 'command 'C:\flutter29\bin\flutter.bat'' finished with non-zero exit value 1

* Try:
> Run with --stacktrace option to get the stack trace.
> Run with --info or --debug option to get more log output.
> Run with --scan to get full insights.
> Get more help at https://help.gradle.org.

BU�LD FAILED in 15s