FAILURE: Build failed with an exception.

* What went wrong:
Could not open cp_settings generic class cache for settings file 'C:\uygulamalar\SehirUygulamasison\new_project\android\settings.gradle' (C:\Users\guzel\.gradle\caches\7.6.3\scripts\4z77l99ut3p8jilaw9dfqeloa).
> BUG! exception in phase 'semantic analysis' in source unit '_BuildScript_' Unsupported class file major version 65

* Try:
> Run with --stacktrace option to get the stack trace.
> Run with --info or --debug option to get more log output.
> Run with --scan to get full insights.

* Get more help at https://help.gradle.org

BU�LD FAILED in 8s

┌─ Flutter Fix ───────────────────────────────────────────────────────────────────────────────────┐
│ [!] Your project's Gradle version is incompatible with the Java version that Flutter is using   │
│ for Gradle.                                                                                     │
│                                                                                                 │
│ If you recently upgraded Android Studio, consult the migration guide at                         │
│ https://flutter.dev/to/to/java-gradle-incompatibility.                                          │
│                                                                                                 │
│ Otherwise, to fix this issue, first, check the Java version used by Flutter by running `flutter │
│ doctor --verbose`.                                                                              │
│                                                                                                 │
│ Then, update the Gradle version specified in                                                    │
│ C:\uygulamalar\SehirUygulamasison\new_project\android\gradle\wrapper\gradle-wrapper.properties  │
│ to be compatible with that Java version. See the link below for more information on compatible  │
│ Java/Gradle versions:                                                                           │
│ https://docs.gradle.org/current/userguide/compatibility.html#java                               │
│                                                                                                 │
│                                                                                                 │
└─────────────────────────────────────────────────────────────────────────────────────────────────┘
Error: Gradle task assembleDebug failed with exit code 1