Launching lib\main.dart on SM S918B (wireless) in debug mode...
Running Gradle task 'assembleDebug'...
lib/providers/post_provider.dart:189:32: Error: 'apiServiceProvider' is imported from both 'package:belediye_iletisim_merkezi/providers/api_service_provider.dart' and 'package:belediye_iletisim_merkezi/providers/auth_provider.dart'.
  final apiService = ref.watch(apiServiceProvider);
                               ^^^^^^^^^^^^^^^^^^
lib/providers/post_provider.dart:195:32: Error: 'apiServiceProvider' is imported from both 'package:belediye_iletisim_merkezi/providers/api_service_provider.dart' and 'package:belediye_iletisim_merkezi/providers/auth_provider.dart'.
  final apiService = ref.watch(apiServiceProvider);
                               ^^^^^^^^^^^^^^^^^^
lib/providers/survey_provider.dart:36:12: Error: The method 'isVisibleToUser' isn't defined for the class 'Survey'.
 - 'Survey' is from 'package:belediye_iletisim_merkezi/models/survey.dart' ('lib/models/survey.dart').
Try correcting the name to the name of an existing method, or defining a method named 'isVisibleToUser'.
    survey.isVisibleToUser(user.cityId?.toString(), user.districtId?.toString())
           ^^^^^^^^^^^^^^^
lib/main.dart:524:34: Error: Required named parameter 'userId' must be provided.
                NotificationModel(
                                 ^
lib/models/notification_model.dart:14:3: Context: Found this candidate, but the arguments don't match.
  NotificationModel({
  ^^^^^^^^^^^^^^^^^
lib/services/notification_service.dart:231:7: Error: No named parameter with the name 'data'.
      data: extraData.isNotEmpty ? extraData : null,
      ^^^^
lib/models/notification_model.dart:14:3: Context: Found this candidate, but the arguments don't match.
  NotificationModel({
  ^^^^^^^^^^^^^^^^^
lib/screens/city_profile/city_profile_screen.dart:43:45: Error: The method 'getCityProfileById' isn't defined for the class 'ApiService'.
 - 'ApiService' is from 'package:belediye_iletisim_merkezi/services/api_service.dart' ('lib/services/api_service.dart').
Try correcting the name to the name of an existing method, or defining a method named 'getCityProfileById'.
      final cityProfile = await _apiService.getCityProfileById(widget.cityId.toString());
                                            ^^^^^^^^^^^^^^^^^^
lib/screens/posts/filtered_posts_screen.dart:38:19: Error: The method 'getCategoryById' isn't defined for the class 'ApiService'.
 - 'ApiService' is from 'package:belediye_iletisim_merkezi/services/api_service.dart' ('lib/services/api_service.dart').
Try correcting the name to the name of an existing method, or defining a method named 'getCategoryById'.
      _apiService.getCategoryById(params['categoryId']).then((category) {
                  ^^^^^^^^^^^^^^^
lib/screens/posts/filtered_posts_screen.dart:46:19: Error: The method 'getCityNameById' isn't defined for the class 'ApiService'.
 - 'ApiService' is from 'package:belediye_iletisim_merkezi/services/api_service.dart' ('lib/services/api_service.dart').
Try correcting the name to the name of an existing method, or defining a method named 'getCityNameById'.
      _apiService.getCityNameById(params['cityId']).then((cityName) {
                  ^^^^^^^^^^^^^^^
lib/screens/posts/filtered_posts_screen.dart:106:39: Error: The method 'getFilteredPosts' isn't defined for the class 'ApiService'.
 - 'ApiService' is from 'package:belediye_iletisim_merkezi/services/api_service.dart' ('lib/services/api_service.dart').
Try correcting the name to the name of an existing method, or defining a method named 'getFilteredPosts'.
      final posts = await _apiService.getFilteredPosts(widget.filterParams);
                                      ^^^^^^^^^^^^^^^^
lib/screens/posts/filtered_posts_screen.dart:241:13: Error: No named parameter with the name 'onComment'.
            onComment: () {
            ^^^^^^^^^
lib/widgets/post_card.dart:16:9: Context: Found this candidate, but the arguments don't match.
  const PostCard({
        ^^^^^^^^
lib/screens/posts/post_detail_screen.dart:75:42: Error: The method 'getCommentsByPostId' isn't defined for the class 'ApiService'.
 - 'ApiService' is from 'package:belediye_iletisim_merkezi/services/api_service.dart' ('lib/services/api_service.dart').
Try correcting the name to the name of an existing method, or defining a method named 'getCommentsByPostId'.
      final comments = await _apiService.getCommentsByPostId(widget.id);
                                         ^^^^^^^^^^^^^^^^^^^
lib/screens/posts/post_detail_screen.dart:103:41: Error: The method 'addComment' isn't defined for the class 'ApiService'.
 - 'ApiService' is from 'package:belediye_iletisim_merkezi/services/api_service.dart' ('lib/services/api_service.dart').
Try correcting the name to the name of an existing method, or defining a method named 'addComment'.
      final comment = await _apiService.addComment(
                                        ^^^^^^^^^^
lib/screens/posts/post_detail_screen.dart:139:25: Error: The method 'submitSatisfactionRating' isn't defined for the class 'ApiService'.
 - 'ApiService' is from 'package:belediye_iletisim_merkezi/services/api_service.dart' ('lib/services/api_service.dart').
Try correcting the name to the name of an existing method, or defining a method named 'submitSatisfactionRating'.
      await _apiService.submitSatisfactionRating(widget.id, rating);
                        ^^^^^^^^^^^^^^^^^^^^^^^^
lib/screens/posts/post_detail_screen.dart:261:13: Error: No named parameter with the name 'isDetailView'.
            isDetailView: true,
            ^^^^^^^^^^^^
lib/widgets/post_card.dart:16:9: Context: Found this candidate, but the arguments don't match.
  const PostCard({
        ^^^^^^^^
lib/screens/profile/profile_screen.dart:44:12: Error: Undefined name 'AuthStatus'.
      case AuthStatus.initial:
           ^^^^^^^^^^
lib/screens/profile/profile_screen.dart:45:12: Error: Undefined name 'AuthStatus'.
      case AuthStatus.unauthenticated:
           ^^^^^^^^^^
lib/screens/profile/profile_screen.dart:47:12: Error: Undefined name 'AuthStatus'.
      case AuthStatus.authenticating:
           ^^^^^^^^^^
lib/screens/profile/profile_screen.dart:49:12: Error: Undefined name 'AuthStatus'.
      case AuthStatus.authenticated:
           ^^^^^^^^^^
lib/screens/profile/profile_screen.dart:55:12: Error: Undefined name 'AuthStatus'.
      case AuthStatus.error:
           ^^^^^^^^^^
lib/screens/profile/profile_screen.dart:43:23: Error: The getter 'status' isn't defined for the class 'AuthState'.
 - 'AuthState' is from 'package:belediye_iletisim_merkezi/providers/auth_provider.dart' ('lib/providers/auth_provider.dart').
Try correcting the name to the name of an existing getter, or defining a getter or field named 'status'.
    switch (authState.status) {
                      ^^^^^^
lib/screens/profile/profile_screen.dart:67:47: Error: The getter 'errorMessage' isn't defined for the class 'AuthState'.
 - 'AuthState' is from 'package:belediye_iletisim_merkezi/providers/auth_provider.dart' ('lib/providers/auth_provider.dart').
Try correcting the name to the name of an existing getter, or defining a getter or field named 'errorMessage'.
                'Bir hata olu�tu: ${authState.errorMessage ?? "Bilinmeyen hata"}',
                                              ^^^^^^^^^^^^
lib/screens/profile/profile_screen.dart:42:10: Error: A non-null value must be returned since the return type 'Widget' doesn't allow null.
 - 'Widget' is from 'package:flutter/src/widgets/framework.dart' ('/C:/flutter29/packages/flutter/lib/src/widgets/framework.dart').
  Widget _buildBody(AuthState authState) {
         ^
lib/screens/profile/profile_screen.dart:264:35: Error: The argument type 'Future<List<dynamic>>' can't be assigned to the parameter type 'Future<List<City>>?'.
 - 'Future' is from 'dart:async'.
 - 'List' is from 'dart:core'.
 - 'City' is from 'package:belediye_iletisim_merkezi/models/city.dart' ('lib/models/city.dart').
              future: _apiService.getCities(),
                                  ^
lib/screens/profile/profile_screen.dart:302:37: Error: The argument type 'Future<List<dynamic>>' can't be assigned to the parameter type 'Future<List<District>>?'.
 - 'Future' is from 'dart:async'.
 - 'List' is from 'dart:core'.
 - 'District' is from 'package:belediye_iletisim_merkezi/models/district.dart' ('lib/models/district.dart').
                future: _apiService.getDistrictsByCityId(_selectedCityId!),
                                    ^
lib/screens/profile/profile_screen.dart:420:55: Error: Too many positional arguments: 0 allowed, but 5 found.
Try removing the extra positional arguments.
        await ref.read(authProvider.notifier).register(
                                                      ^
lib/screens/profile/profile_screen.dart:535:29: Error: The method 'getCityById' isn't defined for the class 'ApiService'.
 - 'ApiService' is from 'package:belediye_iletisim_merkezi/services/api_service.dart' ('lib/services/api_service.dart').
Try correcting the name to the name of an existing method, or defining a method named 'getCityById'.
                _apiService.getCityById(user.cityId!),
                            ^^^^^^^^^^^
lib/screens/profile/profile_screen.dart:537:31: Error: The method 'getDistrictById' isn't defined for the class 'ApiService'.
 - 'ApiService' is from 'package:belediye_iletisim_merkezi/services/api_service.dart' ('lib/services/api_service.dart').
Try correcting the name to the name of an existing method, or defining a method named 'getDistrictById'.
                  _apiService.getDistrictById(user.districtId!)
                              ^^^^^^^^^^^^^^^
lib/providers/post_provider.dart:125:9: Error: No named parameter with the name 'type'.
        type: type != null ? type == 'problem' ? PostType.problem : PostType.general : null,
        ^^^^
lib/providers/post_provider.dart:174:23: Error: The method 'highlightPost' isn't defined for the class 'ApiService'.
 - 'ApiService' is from 'package:belediye_iletisim_merkezi/services/api_service.dart' ('lib/services/api_service.dart').
Try correcting the name to the name of an existing method, or defining a method named 'highlightPost'.
    await _apiService.highlightPost(postId);
                      ^^^^^^^^^^^^^
lib/widgets/filter_bar.dart:115:28: Error: The argument type 'Widget Function(BuildContext, AsyncSnapshot<List<City>>)' can't be assigned to the parameter type 'Widget Function(BuildContext, AsyncSnapshot<List<dynamic>>)'.
 - 'Widget' is from 'package:flutter/src/widgets/framework.dart' ('/C:/flutter29/packages/flutter/lib/src/widgets/framework.dart').
 - 'BuildContext' is from 'package:flutter/src/widgets/framework.dart' ('/C:/flutter29/packages/flutter/lib/src/widgets/framework.dart').
 - 'AsyncSnapshot' is from 'package:flutter/src/widgets/async.dart' ('/C:/flutter29/packages/flutter/lib/src/widgets/async.dart').
 - 'List' is from 'dart:core'.
 - 'City' is from 'package:belediye_iletisim_merkezi/models/city.dart' ('lib/models/city.dart').
                  builder: (context, AsyncSnapshot<List<City>> snapshot) {
                           ^
lib/widgets/filter_bar.dart:160:30: Error: The argument type 'Widget Function(BuildContext, AsyncSnapshot<List<District>>)' can't be assigned to the parameter type 'Widget Function(BuildContext, AsyncSnapshot<List<dynamic>>)'.
 - 'Widget' is from 'package:flutter/src/widgets/framework.dart' ('/C:/flutter29/packages/flutter/lib/src/widgets/framework.dart').
 - 'BuildContext' is from 'package:flutter/src/widgets/framework.dart' ('/C:/flutter29/packages/flutter/lib/src/widgets/framework.dart').
 - 'AsyncSnapshot' is from 'package:flutter/src/widgets/async.dart' ('/C:/flutter29/packages/flutter/lib/src/widgets/async.dart').
 - 'List' is from 'dart:core'.
 - 'District' is from 'package:belediye_iletisim_merkezi/models/district.dart' ('lib/models/district.dart').
                    builder: (context, AsyncSnapshot<List<District>> snapshot) {
                             ^
lib/widgets/filter_bar.dart:202:39: Error: The method 'getCategories' isn't defined for the class 'ApiService'.
 - 'ApiService' is from 'package:belediye_iletisim_merkezi/services/api_service.dart' ('lib/services/api_service.dart').
Try correcting the name to the name of an existing method, or defining a method named 'getCategories'.
                  future: _apiService.getCategories(),
                                      ^^^^^^^^^^^^^
lib/widgets/post_card.dart:288:45: Error: The method 'getUserById' isn't defined for the class 'ApiService'.
 - 'ApiService' is from 'package:belediye_iletisim_merkezi/services/api_service.dart' ('lib/services/api_service.dart').
Try correcting the name to the name of an existing method, or defining a method named 'getUserById'.
                        future: _apiService.getUserById(widget.post.userId),
                                            ^^^^^^^^^^^
lib/widgets/post_card.dart:332:39: Error: The method 'getCityById' isn't defined for the class 'ApiService'.
 - 'ApiService' is from 'package:belediye_iletisim_merkezi/services/api_service.dart' ('lib/services/api_service.dart').
Try correcting the name to the name of an existing method, or defining a method named 'getCityById'.
                          _apiService.getCityById(widget.post.cityId!),
                                      ^^^^^^^^^^^
lib/widgets/post_card.dart:334:41: Error: The method 'getDistrictById' isn't defined for the class 'ApiService'.
 - 'ApiService' is from 'package:belediye_iletisim_merkezi/services/api_service.dart' ('lib/services/api_service.dart').
Try correcting the name to the name of an existing method, or defining a method named 'getDistrictById'.
                            _apiService.getDistrictById(widget.post.districtId!) 
                                        ^^^^^^^^^^^^^^^
lib/widgets/post_card.dart:386:35: Error: The method 'getCategoryById' isn't defined for the class 'ApiService'.
 - 'ApiService' is from 'package:belediye_iletisim_merkezi/services/api_service.dart' ('lib/services/api_service.dart').
Try correcting the name to the name of an existing method, or defining a method named 'getCategoryById'.
              future: _apiService.getCategoryById(widget.post.categoryId!),
                                  ^^^^^^^^^^^^^^^
lib/widgets/post_card.dart:535:49: Error: The method 'getUserById' isn't defined for the class 'ApiService'.
 - 'ApiService' is from 'package:belediye_iletisim_merkezi/services/api_service.dart' ('lib/services/api_service.dart').
Try correcting the name to the name of an existing method, or defining a method named 'getUserById'.
                            future: _apiService.getUserById(widget.post.userId),
                                                ^^^^^^^^^^^
lib/widgets/post_card.dart:581:35: Error: The method 'getCityById' isn't defined for the class 'ApiService'.
 - 'ApiService' is from 'package:belediye_iletisim_merkezi/services/api_service.dart' ('lib/services/api_service.dart').
Try correcting the name to the name of an existing method, or defining a method named 'getCityById'.
                      _apiService.getCityById(widget.post.cityId!),
                                  ^^^^^^^^^^^
lib/widgets/post_card.dart:583:37: Error: The method 'getDistrictById' isn't defined for the class 'ApiService'.
 - 'ApiService' is from 'package:belediye_iletisim_merkezi/services/api_service.dart' ('lib/services/api_service.dart').
Try correcting the name to the name of an existing method, or defining a method named 'getDistrictById'.
                        _apiService.getDistrictById(widget.post.districtId!) 
                                    ^^^^^^^^^^^^^^^
lib/widgets/post_card.dart:638:41: Error: The method 'getCategoryById' isn't defined for the class 'ApiService'.
 - 'ApiService' is from 'package:belediye_iletisim_merkezi/services/api_service.dart' ('lib/services/api_service.dart').
Try correcting the name to the name of an existing method, or defining a method named 'getCategoryById'.
                    future: _apiService.getCategoryById(widget.post.categoryId!),
                                        ^^^^^^^^^^^^^^^
lib/widgets/survey_slider.dart:57:25: Error: The method 'getActiveSurveysByType' isn't defined for the class 'ApiService'.
 - 'ApiService' is from 'package:belediye_iletisim_merkezi/services/api_service.dart' ('lib/services/api_service.dart').
Try correcting the name to the name of an existing method, or defining a method named 'getActiveSurveysByType'.
          ? _apiService.getActiveSurveysByType('city')
                        ^^^^^^^^^^^^^^^^^^^^^^
lib/widgets/survey_slider.dart:59:27: Error: The method 'getActiveSurveysByType' isn't defined for the class 'ApiService'.
 - 'ApiService' is from 'package:belediye_iletisim_merkezi/services/api_service.dart' ('lib/services/api_service.dart').
Try correcting the name to the name of an existing method, or defining a method named 'getActiveSurveysByType'.
            ? _apiService.getActiveSurveysByType('district')
                          ^^^^^^^^^^^^^^^^^^^^^^
lib/widgets/survey_slider.dart:60:27: Error: The method 'getActiveSurveys' isn't defined for the class 'ApiService'.
 - 'ApiService' is from 'package:belediye_iletisim_merkezi/services/api_service.dart' ('lib/services/api_service.dart').
Try correcting the name to the name of an existing method, or defining a method named 'getActiveSurveys'.
            : _apiService.getActiveSurveys(),
                          ^^^^^^^^^^^^^^^^
lib/widgets/survey_slider.dart:119:35: Error: The method 'getRemainingTimeText' isn't defined for the class 'Survey'.
 - 'Survey' is from 'package:belediye_iletisim_merkezi/models/survey.dart' ('lib/models/survey.dart').
Try correcting the name to the name of an existing method, or defining a method named 'getRemainingTimeText'.
    String remainingTime = survey.getRemainingTimeText();
                                  ^^^^^^^^^^^^^^^^^^^^
lib/widgets/survey_slider.dart:123:45: Error: The method 'getParticipationRate' isn't defined for the class 'Survey'.
 - 'Survey' is from 'package:belediye_iletisim_merkezi/models/survey.dart' ('lib/models/survey.dart').
Try correcting the name to the name of an existing method, or defining a method named 'getParticipationRate'.
    final double participationRate = survey.getParticipationRate();
                                            ^^^^^^^^^^^^^^^^^^^^
lib/widgets/survey_slider.dart:150:38: Error: The getter 'totalUsers' isn't defined for the class 'Survey'.
 - 'Survey' is from 'package:belediye_iletisim_merkezi/models/survey.dart' ('lib/models/survey.dart').
Try correcting the name to the name of an existing getter, or defining a getter or field named 'totalUsers'.
      "${survey.totalVotes}/${survey.totalUsers} ki�i kat�ld�",
                                     ^^^^^^^^^^
lib/widgets/survey_slider.dart:190:32: Error: The getter 'shortTitle' isn't defined for the class 'Survey'.
 - 'Survey' is from 'package:belediye_iletisim_merkezi/models/survey.dart' ('lib/models/survey.dart').
Try correcting the name to the name of an existing getter, or defining a getter or field named 'shortTitle'.
                        survey.shortTitle,
                               ^^^^^^^^^^
lib/widgets/survey_slider.dart:252:58: Error: The getter 'totalUsers' isn't defined for the class 'Survey'.
 - 'Survey' is from 'package:belediye_iletisim_merkezi/models/survey.dart' ('lib/models/survey.dart').
Try correcting the name to the name of an existing getter, or defining a getter or field named 'totalUsers'.
                          '${survey.totalVotes}/${survey.totalUsers}',
                                                         ^^^^^^^^^^
lib/screens/profile/location_settings_screen.dart:41:19: Error: The getter 'status' isn't defined for the class 'AuthState'.
 - 'AuthState' is from 'package:belediye_iletisim_merkezi/providers/auth_provider.dart' ('lib/providers/auth_provider.dart').
Try correcting the name to the name of an existing getter, or defining a getter or field named 'status'.
    if (authState.status == AuthStatus.authenticated && authState.user != null) {
                  ^^^^^^
lib/screens/profile/location_settings_screen.dart:41:29: Error: The getter 'AuthStatus' isn't defined for the class '_LocationSettingsScreenState'.
 - '_LocationSettingsScreenState' is from 'package:belediye_iletisim_merkezi/screens/profile/location_settings_screen.dart' ('lib/screens/profile/location_settings_screen.dart').
Try correcting the name to the name of an existing getter, or defining a getter or field named 'AuthStatus'.
    if (authState.status == AuthStatus.authenticated && authState.user != null) {
                            ^^^^^^^^^^
lib/screens/profile/location_settings_screen.dart:87:19: Error: The getter 'status' isn't defined for the class 'AuthState'.
 - 'AuthState' is from 'package:belediye_iletisim_merkezi/providers/auth_provider.dart' ('lib/providers/auth_provider.dart').
Try correcting the name to the name of an existing getter, or defining a getter or field named 'status'.
    if (authState.status == AuthStatus.authenticated && authState.user != null) {
                  ^^^^^^
lib/screens/profile/location_settings_screen.dart:87:29: Error: The getter 'AuthStatus' isn't defined for the class '_LocationSettingsScreenState'.
 - '_LocationSettingsScreenState' is from 'package:belediye_iletisim_merkezi/screens/profile/location_settings_screen.dart' ('lib/screens/profile/location_settings_screen.dart').
Try correcting the name to the name of an existing getter, or defining a getter or field named 'AuthStatus'.
    if (authState.status == AuthStatus.authenticated && authState.user != null) {
                            ^^^^^^^^^^
lib/screens/profile/location_settings_screen.dart:197:41: Error: The argument type 'Future<List<dynamic>>' can't be assigned to the parameter type 'Future<List<City>>?'.
 - 'Future' is from 'dart:async'.
 - 'List' is from 'dart:core'.
 - 'City' is from 'package:belediye_iletisim_merkezi/models/city.dart' ('lib/models/city.dart').
                    future: _apiService.getCities(),
                                        ^
lib/screens/profile/location_settings_screen.dart:256:43: Error: The argument type 'Future<List<dynamic>>' can't be assigned to the parameter type 'Future<List<District>>?'.
 - 'Future' is from 'dart:async'.
 - 'List' is from 'dart:core'.
 - 'District' is from 'package:belediye_iletisim_merkezi/models/district.dart' ('lib/models/district.dart').
                      future: _apiService.getDistrictsByCityId(_selectedCityId!),
                                          ^
lib/screens/surveys/survey_detail_screen.dart:94:31: Error: The getter 'imageUrl' isn't defined for the class 'Survey'.
 - 'Survey' is from 'package:belediye_iletisim_merkezi/models/survey.dart' ('lib/models/survey.dart').
Try correcting the name to the name of an existing getter, or defining a getter or field named 'imageUrl'.
            if (widget.survey.imageUrl != null)
                              ^^^^^^^^
lib/screens/surveys/survey_detail_screen.dart:102:55: Error: The getter 'imageUrl' isn't defined for the class 'Survey'.
 - 'Survey' is from 'package:belediye_iletisim_merkezi/models/survey.dart' ('lib/models/survey.dart').
Try correcting the name to the name of an existing getter, or defining a getter or field named 'imageUrl'.
                    image: NetworkImage(widget.survey.imageUrl!),
                                                      ^^^^^^^^
lib/screens/surveys/survey_detail_screen.dart:131:42: Error: The method 'getPercentage' isn't defined for the class 'SurveyOption'.
 - 'SurveyOption' is from 'package:belediye_iletisim_merkezi/models/survey.dart' ('lib/models/survey.dart').
Try correcting the name to the name of an existing method, or defining a method named 'getPercentage'.
                  final percent = option.getPercentage(widget.survey.totalVotes);
                                         ^^^^^^^^^^^^^
lib/screens/surveys/survey_detail_screen.dart:187:37: Error: The getter 'voteCount' isn't defined for the class 'SurveyOption'.
 - 'SurveyOption' is from 'package:belediye_iletisim_merkezi/models/survey.dart' ('lib/models/survey.dart').
Try correcting the name to the name of an existing getter, or defining a getter or field named 'voteCount'.
                          '${option.voteCount} oy',
                                    ^^^^^^^^^
lib/screens/surveys/survey_detail_screen.dart:315:41: Error: The method 'getCityById' isn't defined for the class 'ApiService'.
 - 'ApiService' is from 'package:belediye_iletisim_merkezi/services/api_service.dart' ('lib/services/api_service.dart').
Try correcting the name to the name of an existing method, or defining a method named 'getCityById'.
                            _apiService.getCityById(widget.survey.cityId!),
                                        ^^^^^^^^^^^
lib/screens/surveys/survey_detail_screen.dart:317:43: Error: The method 'getDistrictById' isn't defined for the class 'ApiService'.
 - 'ApiService' is from 'package:belediye_iletisim_merkezi/services/api_service.dart' ('lib/services/api_service.dart').
Try correcting the name to the name of an existing method, or defining a method named 'getDistrictById'.
                              _apiService.getDistrictById(widget.survey.districtId!)
                                          ^^^^^^^^^^^^^^^
lib/screens/surveys/survey_detail_screen.dart:314:47: Error: The argument type 'List<dynamic>' can't be assigned to the parameter type 'Iterable<Future<dynamic>>'.
 - 'List' is from 'dart:core'.
 - 'Iterable' is from 'dart:core'.
 - 'Future' is from 'dart:async'.
                          future: Future.wait([
                                              ^
lib/screens/surveys/survey_detail_screen.dart:356:31: Error: The getter 'categoryId' isn't defined for the class 'Survey'.
 - 'Survey' is from 'package:belediye_iletisim_merkezi/models/survey.dart' ('lib/models/survey.dart').
Try correcting the name to the name of an existing getter, or defining a getter or field named 'categoryId'.
            if (widget.survey.categoryId != null)
                              ^^^^^^^^^^
lib/screens/surveys/survey_detail_screen.dart:366:47: Error: The method 'getCategoryById' isn't defined for the class 'ApiService'.
 - 'ApiService' is from 'package:belediye_iletisim_merkezi/services/api_service.dart' ('lib/services/api_service.dart').
Try correcting the name to the name of an existing method, or defining a method named 'getCategoryById'.
                          future: _apiService.getCategoryById(widget.survey.categoryId!),
                                              ^^^^^^^^^^^^^^^
lib/screens/surveys/survey_detail_screen.dart:366:77: Error: The getter 'categoryId' isn't defined for the class 'Survey'.
 - 'Survey' is from 'package:belediye_iletisim_merkezi/models/survey.dart' ('lib/models/survey.dart').
Try correcting the name to the name of an existing getter, or defining a getter or field named 'categoryId'.
                          future: _apiService.getCategoryById(widget.survey.categoryId!),
                                                                            ^^^^^^^^^^
lib/screens/surveys/survey_detail_screen.dart:420:18: Error: The getter 'voteCount' isn't defined for the class 'SurveyOption'.
 - 'SurveyOption' is from 'package:belediye_iletisim_merkezi/models/survey.dart' ('lib/models/survey.dart').
Try correcting the name to the name of an existing getter, or defining a getter or field named 'voteCount'.
          option.voteCount++;
                 ^^^^^^^^^
lib/screens/surveys/survey_detail_screen.dart:420:18: Error: The setter 'voteCount' isn't defined for the class 'SurveyOption'.
 - 'SurveyOption' is from 'package:belediye_iletisim_merkezi/models/survey.dart' ('lib/models/survey.dart').
Try correcting the name to the name of an existing setter, or defining a setter or field named 'voteCount'.
          option.voteCount++;
                 ^^^^^^^^^
lib/screens/surveys/survey_detail_screen.dart:426:21: Error: The setter 'totalVotes' isn't defined for the class 'Survey'.
 - 'Survey' is from 'package:belediye_iletisim_merkezi/models/survey.dart' ('lib/models/survey.dart').
Try correcting the name to the name of an existing setter, or defining a setter or field named 'totalVotes'.
      widget.survey.totalVotes++;
                    ^^^^^^^^^^
lib/providers/user_provider.dart:34:47: Error: The method 'updateUserProfile' isn't defined for the class 'ApiService'.
 - 'ApiService' is from 'package:belediye_iletisim_merkezi/services/api_service.dart' ('lib/services/api_service.dart').
Try correcting the name to the name of an existing method, or defining a method named 'updateUserProfile'.
        final updatedUser = await _apiService.updateUserProfile(
                                              ^^^^^^^^^^^^^^^^^
lib/providers/user_provider.dart:58:47: Error: The method 'updateUserLocation' isn't defined for the class 'ApiService'.
 - 'ApiService' is from 'package:belediye_iletisim_merkezi/services/api_service.dart' ('lib/services/api_service.dart').
Try correcting the name to the name of an existing method, or defining a method named 'updateUserLocation'.
        final updatedUser = await _apiService.updateUserLocation(
                                              ^^^^^^^^^^^^^^^^^^
lib/services/survey_service.dart:117:13: Error: No named parameter with the name 'surveyId'.
            surveyId: 'survey_1',
            ^^^^^^^^
lib/models/survey.dart:153:3: Context: Found this candidate, but the arguments don't match.
  SurveyOption({
  ^^^^^^^^^^^^
lib/services/survey_service.dart:123:13: Error: No named parameter with the name 'surveyId'.
            surveyId: 'survey_1',
            ^^^^^^^^
lib/models/survey.dart:153:3: Context: Found this candidate, but the arguments don't match.
  SurveyOption({
  ^^^^^^^^^^^^
lib/services/survey_service.dart:129:13: Error: No named parameter with the name 'surveyId'.
            surveyId: 'survey_1',
            ^^^^^^^^
lib/models/survey.dart:153:3: Context: Found this candidate, but the arguments don't match.
  SurveyOption({
  ^^^^^^^^^^^^
lib/services/survey_service.dart:135:13: Error: No named parameter with the name 'surveyId'.
            surveyId: 'survey_1',
            ^^^^^^^^
lib/models/survey.dart:153:3: Context: Found this candidate, but the arguments don't match.
  SurveyOption({
  ^^^^^^^^^^^^
lib/services/survey_service.dart:141:13: Error: No named parameter with the name 'surveyId'.
            surveyId: 'survey_1',
            ^^^^^^^^
lib/models/survey.dart:153:3: Context: Found this candidate, but the arguments don't match.
  SurveyOption({
  ^^^^^^^^^^^^
lib/services/survey_service.dart:108:9: Error: No named parameter with the name 'shortTitle'.
        shortTitle: 'Bayram Etkinlikleri',
        ^^^^^^^^^^
lib/models/survey.dart:18:3: Context: Found this candidate, but the arguments don't match.
  Survey({
  ^^^^^^
lib/services/survey_service.dart:167:13: Error: No named parameter with the name 'surveyId'.
            surveyId: 'survey_2',
            ^^^^^^^^
lib/models/survey.dart:153:3: Context: Found this candidate, but the arguments don't match.
  SurveyOption({
  ^^^^^^^^^^^^
lib/services/survey_service.dart:173:13: Error: No named parameter with the name 'surveyId'.
            surveyId: 'survey_2',
            ^^^^^^^^
lib/models/survey.dart:153:3: Context: Found this candidate, but the arguments don't match.
  SurveyOption({
  ^^^^^^^^^^^^
lib/services/survey_service.dart:179:13: Error: No named parameter with the name 'surveyId'.
            surveyId: 'survey_2',
            ^^^^^^^^
lib/models/survey.dart:153:3: Context: Found this candidate, but the arguments don't match.
  SurveyOption({
  ^^^^^^^^^^^^
lib/services/survey_service.dart:185:13: Error: No named parameter with the name 'surveyId'.
            surveyId: 'survey_2',
            ^^^^^^^^
lib/models/survey.dart:153:3: Context: Found this candidate, but the arguments don't match.
  SurveyOption({
  ^^^^^^^^^^^^
lib/services/survey_service.dart:191:13: Error: No named parameter with the name 'surveyId'.
            surveyId: 'survey_2',
            ^^^^^^^^
lib/models/survey.dart:153:3: Context: Found this candidate, but the arguments don't match.
  SurveyOption({
  ^^^^^^^^^^^^
lib/services/survey_service.dart:157:9: Error: No named parameter with the name 'shortTitle'.
        shortTitle: 'Toplu Ta��ma',
        ^^^^^^^^^^
lib/models/survey.dart:18:3: Context: Found this candidate, but the arguments don't match.
  Survey({
  ^^^^^^
lib/services/survey_service.dart:216:13: Error: No named parameter with the name 'surveyId'.
            surveyId: 'survey_3',
            ^^^^^^^^
lib/models/survey.dart:153:3: Context: Found this candidate, but the arguments don't match.
  SurveyOption({
  ^^^^^^^^^^^^
lib/services/survey_service.dart:222:13: Error: No named parameter with the name 'surveyId'.
            surveyId: 'survey_3',
            ^^^^^^^^
lib/models/survey.dart:153:3: Context: Found this candidate, but the arguments don't match.
  SurveyOption({
  ^^^^^^^^^^^^
lib/services/survey_service.dart:228:13: Error: No named parameter with the name 'surveyId'.
            surveyId: 'survey_3',
            ^^^^^^^^
lib/models/survey.dart:153:3: Context: Found this candidate, but the arguments don't match.
  SurveyOption({
  ^^^^^^^^^^^^
lib/services/survey_service.dart:234:13: Error: No named parameter with the name 'surveyId'.
            surveyId: 'survey_3',
            ^^^^^^^^
lib/models/survey.dart:153:3: Context: Found this candidate, but the arguments don't match.
  SurveyOption({
  ^^^^^^^^^^^^
lib/services/survey_service.dart:207:9: Error: No named parameter with the name 'shortTitle'.
        shortTitle: 'Park Kullan�m�',
        ^^^^^^^^^^
lib/models/survey.dart:18:3: Context: Found this candidate, but the arguments don't match.
  Survey({
  ^^^^^^
lib/services/survey_service.dart:260:13: Error: No named parameter with the name 'surveyId'.
            surveyId: 'survey_4',
            ^^^^^^^^
lib/models/survey.dart:153:3: Context: Found this candidate, but the arguments don't match.
  SurveyOption({
  ^^^^^^^^^^^^
lib/services/survey_service.dart:266:13: Error: No named parameter with the name 'surveyId'.
            surveyId: 'survey_4',
            ^^^^^^^^
lib/models/survey.dart:153:3: Context: Found this candidate, but the arguments don't match.
  SurveyOption({
  ^^^^^^^^^^^^
lib/services/survey_service.dart:272:13: Error: No named parameter with the name 'surveyId'.
            surveyId: 'survey_4',
            ^^^^^^^^
lib/models/survey.dart:153:3: Context: Found this candidate, but the arguments don't match.
  SurveyOption({
  ^^^^^^^^^^^^
lib/services/survey_service.dart:250:9: Error: No named parameter with the name 'shortTitle'.
        shortTitle: '��p Toplama',
        ^^^^^^^^^^
lib/models/survey.dart:18:3: Context: Found this candidate, but the arguments don't match.
  Survey({
  ^^^^^^
Target kernel_snapshot_program failed: Exception


FAILURE: Build failed with an exception.

* What went wrong:
Execution failed for task ':app:compileFlutterBuildDebug'.
> Process 'command 'C:\flutter29\bin\flutter.bat'' finished with non-zero exit value 1

* Try:
> Run with --stacktrace option to get the stack trace.
> Run with --info or --debug option to get more log output.
> Run with --scan to get full insights.
> Get more help at https://help.gradle.org.

BU�LD FAILED in 30s
Error: Gradle task assembleDebug failed with exit code 1