Launching lib\main.dart on SM S918B in debug mode...
Running Gradle task 'assembleDebug'...
I/flutter (23550): [IMPORTANT:flutter/shell/platform/android/android_context_vk_impeller.cc(60)] Using the Impeller rendering backend (Vulkan).
W/FlutterEngineCxnRegstry(23550): Attempted to register plugin (io.flutter.plugins.firebase.auth.FlutterFirebaseAuthPlugin@dad8d3a) but it was already registered with this FlutterEngine (io.flutter.embedding.engine.FlutterEngine@8c8fdeb).
W/FlutterEngineCxnRegstry(23550): Attempted to register plugin (io.flutter.plugins.firebase.core.FlutterFirebaseCorePlugin@9b3e748) but it was already registered with this FlutterEngine (io.flutter.embedding.engine.FlutterEngine@8c8fdeb).
W/FlutterEngineCxnRegstry(23550): Attempted to register plugin (io.flutter.plugins.firebase.messaging.FlutterFirebaseMessagingPlugin@bc199e1) but it was already registered with this FlutterEngine (io.flutter.embedding.engine.FlutterEngine@8c8fdeb).
W/FlutterEngineCxnRegstry(23550): Attempted to register plugin (io.flutter.plugins.firebase.storage.FlutterFirebaseStoragePlugin@3574306) but it was already registered with this FlutterEngine (io.flutter.embedding.engine.FlutterEngine@8c8fdeb).
W/FlutterEngineCxnRegstry(23550): Attempted to register plugin (com.dexterous.flutterlocalnotifications.FlutterLocalNotificationsPlugin@f378dc7) but it was already registered with this FlutterEngine (io.flutter.embedding.engine.FlutterEngine@8c8fdeb).
W/FlutterEngineCxnRegstry(23550): Attempted to register plugin (io.flutter.plugins.flutter_plugin_android_lifecycle.FlutterAndroidLifecyclePlugin@6c42ff4) but it was already registered with this FlutterEngine (io.flutter.embedding.engine.FlutterEngine@8c8fdeb).
W/FlutterEngineCxnRegstry(23550): Attempted to register plugin (com.baseflow.geocoding.GeocodingPlugin@2dcf31d) but it was already registered with this FlutterEngine (io.flutter.embedding.engine.FlutterEngine@8c8fdeb).
W/FlutterEngineCxnRegstry(23550): Attempted to register plugin (io.flutter.plugins.googlemaps.GoogleMapsPlugin@f948992) but it was already registered with this FlutterEngine (io.flutter.embedding.engine.FlutterEngine@8c8fdeb).
W/FlutterEngineCxnRegstry(23550): Attempted to register plugin (io.flutter.plugins.imagepicker.ImagePickerPlugin@d153f63) but it was already registered with this FlutterEngine (io.flutter.embedding.engine.FlutterEngine@8c8fdeb).
W/FlutterEngineCxnRegstry(23550): Attempted to register plugin (io.flutter.plugins.pathprovider.PathProviderPlugin@4ee5760) but it was already registered with this FlutterEngine (io.flutter.embedding.engine.FlutterEngine@8c8fdeb).
W/FlutterEngineCxnRegstry(23550): Attempted to register plugin (io.flutter.plugins.sharedpreferences.SharedPreferencesPlugin@c5aa419) but it was already registered with this FlutterEngine (io.flutter.embedding.engine.FlutterEngine@8c8fdeb).
W/FlutterEngineCxnRegstry(23550): Attempted to register plugin (com.tekartik.sqflite.SqflitePlugin@4edacde) but it was already registered with this FlutterEngine (io.flutter.embedding.engine.FlutterEngine@8c8fdeb).
Warning: SDK processing. This version only understands SDK XML versions up to 3 but an SDK XML file of version 4 was encountered. This can happen if you use versions of Android Studio and the command-line tools that were released at different times.
lib/screens/profile/profile_screen.dart:304:79: Error: The argument type 'int' can't be assigned to the parameter type 'String'.
                future: ref.read(apiServiceProvider).getDistrictsByCityId(int.parse(_selectedCityId!)),
                                                                              ^
lib/screens/profile/profile_screen.dart:427:23: Error: The argument type 'String?' can't be assigned to the parameter type 'String' because 'String?' is nullable and 'String' isn't.
          districtId: _selectedDistrictId,
                      ^
lib/screens/profile/profile_screen.dart:537:62: Error: The argument type 'int' can't be assigned to the parameter type 'String'.
                ref.read(apiServiceProvider).getCityById(int.parse(user.cityId!)),
                                                             ^
lib/screens/profile/profile_screen.dart:539:68: Error: The argument type 'int' can't be assigned to the parameter type 'String'.
                  ref.read(apiServiceProvider).getDistrictById(int.parse(user.districtId!))
                                                                   ^
lib/screens/posts/filtered_posts_screen.dart:39:56: Error: The argument type 'int' can't be assigned to the parameter type 'String'.
      ref.read(apiServiceProvider).getCategoryById(int.parse(params['categoryId'])).then((category) {
                                                       ^
lib/screens/posts/filtered_posts_screen.dart:47:56: Error: The argument type 'int' can't be assigned to the parameter type 'String'.
      ref.read(apiServiceProvider).getCityNameById(int.parse(params['cityId'])).then((cityName) {
                                                       ^
lib/screens/profile/location_settings_screen.dart:257:85: Error: The argument type 'int' can't be assigned to the parameter type 'String'.
                      future: ref.read(apiServiceProvider).getDistrictsByCityId(int.parse(_selectedCityId!)),
                                                                                    ^
lib/widgets/post_card.dart:676:68: Error: The argument type 'int' can't be assigned to the parameter type 'String'.
                      ref.read(apiServiceProvider).getCityById(int.parse(widget.post.cityId!)),
                                                                   ^
lib/widgets/post_card.dart:678:74: Error: The argument type 'int' can't be assigned to the parameter type 'String'.
                        ref.read(apiServiceProvider).getDistrictById(int.parse(widget.post.districtId!)) 
                                                                         ^
lib/widgets/post_card.dart:746:78: Error: The argument type 'int' can't be assigned to the parameter type 'String'.
                    future: ref.read(apiServiceProvider).getCategoryById(int.parse(widget.post.categoryId!)),
                                                                             ^
lib/screens/auth/register_screen.dart:116:21: Error: The argument type 'String?' can't be assigned to the parameter type 'String' because 'String?' is nullable and 'String' isn't.
        districtId: _selectedDistrictId,
                    ^
lib/services/post_service.dart:33:7: Error: No named parameter with the name 'type'.
      type: post.type,
      ^^^^
lib/services/post_service.dart:76:7: Error: No named parameter with the name 'id'.
      id: postId,
      ^^
lib/providers/user_provider.dart:35:27: Error: The argument type 'String' can't be assigned to the parameter type 'int'.
          userId: user.id.toString(),
                          ^
lib/providers/user_provider.dart:41:33: Error: The argument type 'Map<String, dynamic>' can't be assigned to the parameter type 'User?'.
 - 'Map' is from 'dart:core'.
 - 'User' is from 'package:belediye_iletisim_merkezi/models/user.dart' ('lib/models/user.dart').
        state = AsyncValue.data(updatedUser);
                                ^
lib/providers/user_provider.dart:59:27: Error: The argument type 'String' can't be assigned to the parameter type 'int'.
          userId: user.id.toString(),
                          ^
lib/providers/user_provider.dart:60:26: Error: The argument type 'String' can't be assigned to the parameter type 'int'.
          cityId: cityId ?? "0",
                         ^
lib/providers/user_provider.dart:64:33: Error: The argument type 'Map<String, dynamic>' can't be assigned to the parameter type 'User?'.
 - 'Map' is from 'dart:core'.
 - 'User' is from 'package:belediye_iletisim_merkezi/models/user.dart' ('lib/models/user.dart').
        state = AsyncValue.data(updatedUser);
                                ^
Target kernel_snapshot_program failed: Exception


FAILURE: Build failed with an exception.

* What went wrong:
Execution failed for task ':app:compileFlutterBuildDebug'.
> Process 'command 'C:\flutter29\bin\flutter.bat'' finished with non-zero exit value 1

* Try:
> Run with --stacktrace option to get the stack trace.
> Run with --info or --debug option to get more log output.
> Run with --scan to get full insights.
> Get more help at https://help.gradle.org.

BUï¿½LD FAILED in 1m 2s
Error: Gradle task assembleDebug failed with exit code 1
