Running Gradle task 'assembleDebug'...
lib/app.dart:8:8: Error: Error when reading 'lib/screens/city_profile/city_profile_screen.dart': Sistem belirtilen yolu bulam�yor.

import 'screens/city_profile/city_profile_screen.dart';
       ^
Error: Couldn't resolve the package 'firebase_dynamic_links' in 'package:firebase_dynamic_links/firebase_dynamic_links.dart'.
lib/screens/home/home_screen.dart:7:8: Error: Error when reading 'lib/providers/theme_provider.dart': Sistem belirtilen dosyay� bulam�yor.

import 'package:belediye_iletisim_merkezi/providers/theme_provider.dart';
       ^
lib/services/dynamic_links_service.dart:2:8: Error: Not found: 'package:firebase_dynamic_links/firebase_dynamic_links.dart'
import 'package:firebase_dynamic_links/firebase_dynamic_links.dart';
       ^
lib/services/dynamic_links_service.dart:4:45: Error: Type 'PendingDynamicLinkData' not found.
typedef DynamicLinkCallback = void Function(PendingDynamicLinkData);
                                            ^^^^^^^^^^^^^^^^^^^^^^
lib/services/dynamic_links_service.dart:9:10: Error: Type 'FirebaseDynamicLinks' not found.
  static FirebaseDynamicLinks dynamicLinks = FirebaseDynamicLinks.instance;
         ^^^^^^^^^^^^^^^^^^^^
lib/services/dynamic_links_service.dart:34:34: Error: Type 'PendingDynamicLinkData' not found.
  static void _handleDynamicLink(PendingDynamicLinkData dynamicLinkData) {
                                 ^^^^^^^^^^^^^^^^^^^^^^
lib/app.dart:61:7: Error: No named parameter with the name 'onForegroundMessage'.
      onForegroundMessage: (message) {
      ^^^^^^^^^^^^^^^^^^^
lib/services/firebase_notification_service.dart:37:23: Context: Found this candidate, but the arguments don't match.
  static Future<void> initialize() async {
                      ^^^^^^^^^^
lib/app.dart:77:60: Error: The getter 'link' isn't defined for the class 'Object?'.
 - 'Object' is from 'dart:core'.
Try correcting the name to the name of an existing getter, or defining a getter or field named 'link'.
        debugPrint('Dinamik ba�lant� al�nd�: ${dynamicLink.link}');
                                                           ^^^^
lib/app.dart:78:37: Error: The getter 'link' isn't defined for the class 'Object?'.
 - 'Object' is from 'dart:core'.
Try correcting the name to the name of an existing getter, or defining a getter or field named 'link'.
        _handleDeepLink(dynamicLink.link);
                                    ^^^^
lib/app.dart:174:15: Error: No named parameter with the name 'postId'.
              postId: settings.arguments as String,
              ^^^^^^
lib/screens/posts/post_detail_screen.dart:19:9: Context: Found this candidate, but the arguments don't match.
  const PostDetailScreen({
        ^^^^^^^^^^^^^^^^
lib/app.dart:186:15: Error: No named parameter with the name 'filterArgs'.
              filterArgs: settings.arguments as Map<String, dynamic>,
              ^^^^^^^^^^
lib/screens/posts/filtered_posts_screen.dart:11:9: Context: Found this candidate, but the arguments don't match.
  const FilteredPostsScreen({
        ^^^^^^^^^^^^^^^^^^^
lib/app.dart:179:35: Error: The method 'CityProfileScreen' isn't defined for the class '_BelediyeIletisimAppState'.
 - '_BelediyeIletisimAppState' is from 'package:belediye_iletisim_merkezi/app.dart' ('lib/app.dart').
Try correcting the name to the name of an existing method, or defining a method named 'CityProfileScreen'.
            builder: (context) => CityProfileScreen(
                                  ^^^^^^^^^^^^^^^^^
lib/screens/home/home_screen.dart:304:39: Error: No named parameter with the name 'postId'.
                                      postId: post.id,
                                      ^^^^^^
lib/screens/posts/post_detail_screen.dart:19:9: Context: Found this candidate, but the arguments don't match.
  const PostDetailScreen({
        ^^^^^^^^^^^^^^^^
lib/screens/notifications/notifications_screen.dart:61:32: Error: The argument type 'int' can't be assigned to the parameter type 'String'.
        userId: int.parse(user.id),
                               ^
lib/screens/notifications/notifications_screen.dart:94:32: Error: The argument type 'int' can't be assigned to the parameter type 'String'.
        userId: int.parse(user.id),
                               ^
lib/screens/notifications/notifications_screen.dart:117:67: Error: The argument type 'int' can't be assigned to the parameter type 'String'.
      await _apiService.markAllNotificationsAsRead(int.parse(user.id));
                                                                  ^
lib/services/dynamic_links_service.dart:9:10: Error: 'FirebaseDynamicLinks' isn't a type.
  static FirebaseDynamicLinks dynamicLinks = FirebaseDynamicLinks.instance;
         ^^^^^^^^^^^^^^^^^^^^
lib/services/dynamic_links_service.dart:9:46: Error: Undefined name 'FirebaseDynamicLinks'.
  static FirebaseDynamicLinks dynamicLinks = FirebaseDynamicLinks.instance;
                                             ^^^^^^^^^^^^^^^^^^^^
lib/services/dynamic_links_service.dart:19:11: Error: 'PendingDynamicLinkData' isn't a type.
    final PendingDynamicLinkData? initialLink = await dynamicLinks.getInitialLink();
          ^^^^^^^^^^^^^^^^^^^^^^
lib/services/dynamic_links_service.dart:34:34: Error: 'PendingDynamicLinkData' isn't a type.
  static void _handleDynamicLink(PendingDynamicLinkData dynamicLinkData) {
                                 ^^^^^^^^^^^^^^^^^^^^^^
lib/services/dynamic_links_service.dart:49:11: Error: 'DynamicLinkParameters' isn't a type.
    final DynamicLinkParameters parameters = DynamicLinkParameters(
          ^^^^^^^^^^^^^^^^^^^^^
lib/services/dynamic_links_service.dart:52:32: Error: Couldn't find constructor 'AndroidParameters'.
      androidParameters: const AndroidParameters(
                               ^^^^^^^^^^^^^^^^^
lib/services/dynamic_links_service.dart:56:28: Error: Couldn't find constructor 'IOSParameters'.
      iosParameters: const IOSParameters(
                           ^^^^^^^^^^^^^
lib/services/dynamic_links_service.dart:60:32: Error: Method not found: 'SocialMetaTagParameters'.
      socialMetaTagParameters: SocialMetaTagParameters(
                               ^^^^^^^^^^^^^^^^^^^^^^^
lib/services/dynamic_links_service.dart:49:46: Error: Method not found: 'DynamicLinkParameters'.
    final DynamicLinkParameters parameters = DynamicLinkParameters(
                                             ^^^^^^^^^^^^^^^^^^^^^
lib/services/dynamic_links_service.dart:67:11: Error: 'ShortDynamicLink' isn't a type.
    final ShortDynamicLink shortLink = await dynamicLinks.buildShortLink(parameters);
          ^^^^^^^^^^^^^^^^
lib/services/dynamic_links_service.dart:75:11: Error: 'DynamicLinkParameters' isn't a type.
    final DynamicLinkParameters parameters = DynamicLinkParameters(
          ^^^^^^^^^^^^^^^^^^^^^
lib/services/dynamic_links_service.dart:78:32: Error: Couldn't find constructor 'AndroidParameters'.
      androidParameters: const AndroidParameters(
                               ^^^^^^^^^^^^^^^^^
lib/services/dynamic_links_service.dart:82:28: Error: Couldn't find constructor 'IOSParameters'.
      iosParameters: const IOSParameters(
                           ^^^^^^^^^^^^^
lib/services/dynamic_links_service.dart:86:32: Error: Method not found: 'SocialMetaTagParameters'.
      socialMetaTagParameters: SocialMetaTagParameters(
                               ^^^^^^^^^^^^^^^^^^^^^^^
lib/services/dynamic_links_service.dart:75:46: Error: Method not found: 'DynamicLinkParameters'.
    final DynamicLinkParameters parameters = DynamicLinkParameters(
                                             ^^^^^^^^^^^^^^^^^^^^^
lib/services/dynamic_links_service.dart:93:11: Error: 'ShortDynamicLink' isn't a type.
    final ShortDynamicLink shortLink = await dynamicLinks.buildShortLink(parameters);
          ^^^^^^^^^^^^^^^^
Unhandled exception:
FileSystemException(uri=org-dartlang-untranslatable-uri:package%3Afirebase_dynamic_links%2Ffirebase_dynamic_links.dart; message=StandardFileSystem only supports file:* and data:* URIs)
#0      StandardFileSystem.entityForUri (package:front_end/src/api_prototype/standard_file_system.dart:45)
#1      asFileUri (package:vm/kernel_front_end.dart:820)
#2      writeDepfile (package:vm/kernel_front_end.dart:960)
<asynchronous suspension>
#3      FrontendCompiler.compile (package:frontend_server/frontend_server.dart:712)
<asynchronous suspension>
#4      starter (package:frontend_server/starter.dart:109)
<asynchronous suspension>
#5      main (file:///C:/b/s/w/ir/x/w/sdk/pkg/frontend_server/bin/frontend_server_starter.dart:13)
<asynchronous suspension>

Target kernel_snapshot_program failed: Exception


FAILURE: Build failed with an exception.

* What went wrong:
Execution failed for task ':app:compileFlutterBuildDebug'.
> Process 'command 'C:\flutter29\bin\flutter.bat'' finished with non-zero exit value 1

* Try:
> Run with --stacktrace option to get the stack trace.
> Run with --info or --debug option to get more log output.
> Run with --scan to get full insights.
> Get more help at https://help.gradle.org.

BU�LD FAILED in 10s
Error: Gradle task assembleDebug failed with exit code 1