Launching lib\main.dart on SM S918B in debug mode...
Running Gradle task 'assembleDebug'...
lib/screens/profile/profile_screen.dart:420:55: Error: Too many positional arguments: 0 allowed, but 5 found.
Try removing the extra positional arguments.
        await ref.read(authProvider.notifier).register(
                                                      ^
lib/screens/location/city_profile_screen.dart:62:57: Error: The argument type 'CityProfile?' can't be assigned to the parameter type 'CityProfile' because 'CityProfile?' is nullable and 'CityProfile' isn't.
 - 'CityProfile' is from 'package:belediye_iletisim_merkezi/models/city_profile.dart' ('lib/models/city_profile.dart').
        data: (city) => _buildCityProfile(context, ref, city, postsAsync),
                                                        ^
lib/screens/location/city_profile_screen.dart:62:63: Error: The argument type 'List<Post>' can't be assigned to the parameter type 'AsyncValue<List<Post>>'.
 - 'List' is from 'dart:core'.
 - 'Post' is from 'package:belediye_iletisim_merkezi/models/post.dart' ('lib/models/post.dart').
 - 'AsyncValue' is from 'package:riverpod/src/common.dart' ('/C:/Users/guzel/AppData/Local/Pub/Cache/hosted/pub.dev/riverpod-2.6.1/lib/src/common.dart').
        data: (city) => _buildCityProfile(context, ref, city, postsAsync),
                                                              ^
lib/screens/location/city_profile_screen.dart:294:34: Error: The getter 'selectedPostProvider' isn't defined for the class 'CityProfileScreen'.
 - 'CityProfileScreen' is from 'package:belediye_iletisim_merkezi/screens/location/city_profile_screen.dart' ('lib/screens/location/city_profile_screen.dart').
Try correcting the name to the name of an existing getter, or defining a getter or field named 'selectedPostProvider'.
                        ref.read(selectedPostProvider.notifier).state = post;
                                 ^^^^^^^^^^^^^^^^^^^^
lib/screens/location/city_profile_screen.dart:310:34: Error: The getter 'selectedPostProvider' isn't defined for the class 'CityProfileScreen'.
 - 'CityProfileScreen' is from 'package:belediye_iletisim_merkezi/screens/location/city_profile_screen.dart' ('lib/screens/location/city_profile_screen.dart').
Try correcting the name to the name of an existing getter, or defining a getter or field named 'selectedPostProvider'.
                        ref.read(selectedPostProvider.notifier).state = post;
                                 ^^^^^^^^^^^^^^^^^^^^
Target kernel_snapshot_program failed: Exception


FAILURE: Build failed with an exception.

* What went wrong:
Execution failed for task ':app:compileFlutterBuildDebug'.
> Process 'command 'C:\flutter29\bin\flutter.bat'' finished with non-zero exit value 1

* Try:
> Run with --stacktrace option to get the stack trace.
> Run with --info or --debug option to get more log output.
> Run with --scan to get full insights.
> Get more help at https://help.gradle.org.

BUï¿½LD FAILED in 33s
Error: Gradle task assembleDebug failed with exit code 1
